Reading files from dir:  resources
Reading file:  Berbelrith.png
Reading file:  Githyanki.png
Reading file:  Githyanki_Mindraider.png
Reading file:  Githyanky_Lichblade.png
Image read successful on file:  Githyanki_Mindraider.png
Matches for  Githyanki_Mindraider.png 
 [
  {
    "distance": 1,
    "value": "Challenge",
    "index": 63,
    "match": "Challenge",
    "cr": "4"
  }
]
Image read successful on file:  Berbelrith.png
Matches for  Berbelrith.png 
 [
  {
    "distance": 0.8888888888888888,
    "value": "Challenge",
    "index": 186,
    "match": "Chalenge",
    "cr": "18"
  }
]
Image read successful on file:  Githyanky_Lichblade.png
Matches for  Githyanky_Lichblade.png 
 [
  {
    "distance": 0.4444444444444444,
    "value": "Challenge",
    "index": 64,
    "match": "Grdlerge",
    "cr": "9"
  },
  {
    "distance": 0.2222222222222222,
    "value": "Challenge",
    "index": 563,
    "match": "damage.",
    "cr": "\f"
  }
]
Image read successful on file:  Githyanki.png
Matches for  Githyanki.png 
 [
  {
    "distance": 1,
    "value": "Challenge",
    "index": 268,
    "match": "Challenge",
    "cr": "13"
  }
]
MONSTERS:  [
  {
    "name": "Githyanki_Mindraider",
    "challenge_rating": 4
  },
  {
    "name": "Berbelrith",
    "challenge_rating": 18
  },
  {
    "name": "Githyanky_Lichblade",
    "challenge_rating": 9
  },
  {
    "name": "Githyanki",
    "challenge_rating": 13
  }
]
