Reading files from dir:  resources
Reading file:  Berbelrith.png
Reading file:  Githyanki.png
Reading file:  Githyanki_Mindraider.png
Reading file:  Githyanky_Lichblade.png
Image read successful on file:  Githyanki_Mindraider.png
Matches for  Githyanki_Mindraider.png 
 [
  {
    "distance": 1,
    "value": "Challenge",
    "index": 63,
    "match": "Challenge",
    "cr": "4"
  },
  {
    "distance": 0.36363636363636365,
    "value": "Challenge",
    "index": 167,
    "match": "spelleating",
    "cr": "abil"
  },
  {
    "distance": 0.33333333333333337,
    "value": "Challenge",
    "index": 156,
    "match": "disadvantage",
    "cr": "on"
  },
  {
    "distance": 0.33333333333333337,
    "value": "Challenge",
    "index": 79,
    "match": "charm",
    "cr": "person"
  },
  {
    "distance": 0.33333333333333337,
    "value": "Challenge",
    "index": 244,
    "match": "chooses",
    "cr": "a"
  },
  {
    "distance": 0.33333333333333337,
    "value": "Challenge",
    "index": 107,
    "match": "checks",
    "cr": "and"
  },
  {
    "distance": 0.33333333333333337,
    "value": "Challenge",
    "index": 121,
    "match": "damage",
    "cr": "when"
  },
  {
    "distance": 0.33333333333333337,
    "value": "Challenge",
    "index": 196,
    "match": "charm",
    "cr": "person"
  },
  {
    "distance": 0.33333333333333337,
    "value": "Challenge",
    "index": 54,
    "match": "Damage",
    "cr": "Resistance"
  },
  {
    "distance": 0.33333333333333337,
    "value": "Challenge",
    "index": 187,
    "match": "mage",
    "cr": "hand"
  },
  {
    "distance": 0.33333333333333337,
    "value": "Challenge",
    "index": 72,
    "match": "disadvantage",
    "cr": "on"
  },
  {
    "distance": 0.33333333333333337,
    "value": "Challenge",
    "index": 351,
    "match": "Small",
    "cr": "warhands"
  },
  {
    "distance": 0.30000000000000004,
    "value": "Challenge",
    "index": 162,
    "match": "Splleastng",
    "cr": "(Psionis)."
  },
  {
    "distance": 0.2222222222222222,
    "value": "Challenge",
    "index": 132,
    "match": "advantage",
    "cr": "on"
  },
  {
    "distance": 0.2222222222222222,
    "value": "Challenge",
    "index": 226,
    "match": "damage.",
    "cr": "Reaction"
  },
  {
    "distance": 0.2222222222222222,
    "value": "Challenge",
    "index": 101,
    "match": "advantage",
    "cr": "on"
  }
]
Image read successful on file:  Berbelrith.png
Matches for  Berbelrith.png 
 [
  {
    "distance": 0.8888888888888888,
    "value": "Challenge",
    "index": 186,
    "match": "Chalenge",
    "cr": "18"
  },
  {
    "distance": 0.4444444444444444,
    "value": "Challenge",
    "index": 294,
    "match": "camage",
    "cr": "and"
  },
  {
    "distance": 0.4,
    "value": "Challenge",
    "index": 26,
    "match": "harbingers",
    "cr": "of"
  },
  {
    "distance": 0.4,
    "value": "Challenge",
    "index": 190,
    "match": "‘Chameleon",
    "cr": "Carpe"
  },
  {
    "distance": 0.33333333333333337,
    "value": "Challenge",
    "index": 96,
    "match": "chaotic",
    "cr": "creatures"
  },
  {
    "distance": 0.33333333333333337,
    "value": "Challenge",
    "index": 104,
    "match": "Huge",
    "cr": "tiena"
  },
  {
    "distance": 0.33333333333333337,
    "value": "Challenge",
    "index": 107,
    "match": "chaotic",
    "cr": "evil"
  },
  {
    "distance": 0.33333333333333337,
    "value": "Challenge",
    "index": 143,
    "match": "Cha~€",
    "cr": "Site"
  },
  {
    "distance": 0.33333333333333337,
    "value": "Challenge",
    "index": 151,
    "match": "Damage",
    "cr": "Resitances"
  },
  {
    "distance": 0.33333333333333337,
    "value": "Challenge",
    "index": 162,
    "match": "Damage",
    "cr": "irmmnites"
  },
  {
    "distance": 0.33333333333333337,
    "value": "Challenge",
    "index": 462,
    "match": "check",
    "cr": "a"
  },
  {
    "distance": 0.33333333333333337,
    "value": "Challenge",
    "index": 58,
    "match": "all",
    "cr": "of"
  },
  {
    "distance": 0.33333333333333337,
    "value": "Challenge",
    "index": 40,
    "match": "chitin",
    "cr": "sells."
  },
  {
    "distance": 0.33333333333333337,
    "value": "Challenge",
    "index": 404,
    "match": "Ranges",
    "cr": "Weaoon"
  },
  {
    "distance": 0.33333333333333337,
    "value": "Challenge",
    "index": 371,
    "match": "damage",
    "cr": "Tne"
  },
  {
    "distance": 0.33333333333333337,
    "value": "Challenge",
    "index": 434,
    "match": "check",
    "cr": "Sursting"
  },
  {
    "distance": 0.33333333333333337,
    "value": "Challenge",
    "index": 199,
    "match": "checks",
    "cr": "made"
  },
  {
    "distance": 0.2222222222222222,
    "value": "Challenge",
    "index": 313,
    "match": "trge",
    "cr": "fla"
  },
  {
    "distance": 0.2222222222222222,
    "value": "Challenge",
    "index": 224,
    "match": "advantage",
    "cr": "on"
  },
  {
    "distance": 0.2222222222222222,
    "value": "Challenge",
    "index": 373,
    "match": "Chu",
    "cr": "scres"
  },
  {
    "distance": 0.2222222222222222,
    "value": "Challenge",
    "index": 208,
    "match": "advertage",
    "cr": "on"
  },
  {
    "distance": 0.2222222222222222,
    "value": "Challenge",
    "index": 433,
    "match": "Strength",
    "cr": "check"
  },
  {
    "distance": 0.2222222222222222,
    "value": "Challenge",
    "index": 74,
    "match": "usually",
    "cr": "picks"
  },
  {
    "distance": 0.2222222222222222,
    "value": "Challenge",
    "index": 461,
    "match": "Strength",
    "cr": "check"
  }
]
Image read successful on file:  Githyanky_Lichblade.png
Matches for  Githyanky_Lichblade.png 
 [
  {
    "distance": 0.8181818181818181,
    "value": "Challenge",
    "index": 219,
    "match": "challenged.",
    "cr": "They"
  },
  {
    "distance": 0.5555555555555556,
    "value": "Challenge",
    "index": 274,
    "match": "fallen",
    "cr": "(friend"
  },
  {
    "distance": 0.4444444444444444,
    "value": "Challenge",
    "index": 64,
    "match": "Grdlerge",
    "cr": "9"
  },
  {
    "distance": 0.4444444444444444,
    "value": "Challenge",
    "index": 487,
    "match": "silence",
    "cr": "vampiric"
  },
  {
    "distance": 0.33333333333333337,
    "value": "Challenge",
    "index": 299,
    "match": "‘hunger",
    "cr": "for"
  },
  {
    "distance": 0.33333333333333337,
    "value": "Challenge",
    "index": 149,
    "match": "check",
    "cr": "counterspell"
  },
  {
    "distance": 0.33333333333333337,
    "value": "Challenge",
    "index": 51,
    "match": "Damage",
    "cr": "Resistance"
  },
  {
    "distance": 0.33333333333333337,
    "value": "Challenge",
    "index": 252,
    "match": "allows",
    "cr": "them"
  },
  {
    "distance": 0.33333333333333337,
    "value": "Challenge",
    "index": 259,
    "match": "hunger",
    "cr": "for"
  },
  {
    "distance": 0.33333333333333337,
    "value": "Challenge",
    "index": 516,
    "match": "damage",
    "cr": "plus"
  },
  {
    "distance": 0.33333333333333337,
    "value": "Challenge",
    "index": 97,
    "match": "disadvantage",
    "cr": "on"
  },
  {
    "distance": 0.33333333333333337,
    "value": "Challenge",
    "index": 351,
    "match": "All",
    "cr": "know"
  },
  {
    "distance": 0.33333333333333337,
    "value": "Challenge",
    "index": 387,
    "match": "spelleasting",
    "cr": "ability"
  },
  {
    "distance": 0.33333333333333337,
    "value": "Challenge",
    "index": 413,
    "match": "mage",
    "cr": "hand"
  },
  {
    "distance": 0.33333333333333337,
    "value": "Challenge",
    "index": 437,
    "match": "spelleaster.",
    "cr": "ts"
  },
  {
    "distance": 0.33333333333333337,
    "value": "Challenge",
    "index": 441,
    "match": "Charisma",
    "cr": "(spell"
  },
  {
    "distance": 0.33333333333333337,
    "value": "Challenge",
    "index": 485,
    "match": "image",
    "cr": "shied"
  },
  {
    "distance": 0.33333333333333337,
    "value": "Challenge",
    "index": 110,
    "match": "damage",
    "cr": "Yo"
  },
  {
    "distance": 0.2222222222222222,
    "value": "Challenge",
    "index": 83,
    "match": "disengage",
    "cr": "unless"
  },
  {
    "distance": 0.2222222222222222,
    "value": "Challenge",
    "index": 521,
    "match": "damage.",
    "cr": "This"
  },
  {
    "distance": 0.2222222222222222,
    "value": "Challenge",
    "index": 563,
    "match": "damage.",
    "cr": "\f"
  }
]
Image read successful on file:  Githyanki.png
Matches for  Githyanki.png 
 [
  {
    "distance": 1,
    "value": "Challenge",
    "index": 268,
    "match": "Challenge",
    "cr": "13"
  },
  {
    "distance": 0.5555555555555556,
    "value": "Challenge",
    "index": 50,
    "match": "called",
    "cr": "upon"
  },
  {
    "distance": 0.4444444444444444,
    "value": "Challenge",
    "index": 42,
    "match": "exchange",
    "cr": "for"
  },
  {
    "distance": 0.4444444444444444,
    "value": "Challenge",
    "index": 101,
    "match": "knowledge",
    "cr": "of"
  },
  {
    "distance": 0.4444444444444444,
    "value": "Challenge",
    "index": 384,
    "match": "CHANCE:",
    "cr": "GITHYANKI"
  },
  {
    "distance": 0.4444444444444444,
    "value": "Challenge",
    "index": 541,
    "match": "range",
    "cr": "30/120"
  },
  {
    "distance": 0.33333333333333337,
    "value": "Challenge",
    "index": 456,
    "match": "ranged",
    "cr": "attacks"
  },
  {
    "distance": 0.33333333333333337,
    "value": "Challenge",
    "index": 251,
    "match": "Damage",
    "cr": "Resistance"
  },
  {
    "distance": 0.33333333333333337,
    "value": "Challenge",
    "index": 4,
    "match": "Alliance.",
    "cr": "When"
  },
  {
    "distance": 0.33333333333333337,
    "value": "Challenge",
    "index": 283,
    "match": "choice",
    "cr": "that"
  },
  {
    "distance": 0.33333333333333337,
    "value": "Challenge",
    "index": 372,
    "match": "damage",
    "cr": "when"
  },
  {
    "distance": 0.33333333333333337,
    "value": "Challenge",
    "index": 104,
    "match": "allies",
    "cr": "have"
  },
  {
    "distance": 0.33333333333333337,
    "value": "Challenge",
    "index": 418,
    "match": "mage",
    "cr": "hand"
  },
  {
    "distance": 0.33333333333333337,
    "value": "Challenge",
    "index": 31,
    "match": "allies.",
    "cr": "The"
  },
  {
    "distance": 0.33333333333333337,
    "value": "Challenge",
    "index": 480,
    "match": "damage",
    "cr": "plus"
  },
  {
    "distance": 0.33333333333333337,
    "value": "Challenge",
    "index": 588,
    "match": "damage",
    "cr": "on"
  },
  {
    "distance": 0.33333333333333337,
    "value": "Challenge",
    "index": 565,
    "match": "exhales",
    "cr": "fire"
  },
  {
    "distance": 0.33333333333333337,
    "value": "Challenge",
    "index": 531,
    "match": "Ranged",
    "cr": "Weapon"
  },
  {
    "distance": 0.33333333333333337,
    "value": "Challenge",
    "index": 594,
    "match": "half",
    "cr": "as"
  },
  {
    "distance": 0.33333333333333337,
    "value": "Challenge",
    "index": 552,
    "match": "damage",
    "cr": "plus"
  },
  {
    "distance": 0.33333333333333337,
    "value": "Challenge",
    "index": 597,
    "match": "damage",
    "cr": "on"
  },
  {
    "distance": 0.2222222222222222,
    "value": "Challenge",
    "index": 557,
    "match": "damage.",
    "cr": "Breath"
  },
  {
    "distance": 0.2222222222222222,
    "value": "Challenge",
    "index": 561,
    "match": "(recharge",
    "cr": "5-6)."
  },
  {
    "distance": 0.2222222222222222,
    "value": "Challenge",
    "index": 527,
    "match": "damage.",
    "cr": "Javelin."
  },
  {
    "distance": 0.2222222222222222,
    "value": "Challenge",
    "index": 485,
    "match": "damage.",
    "cr": "This"
  },
  {
    "distance": 0.2222222222222222,
    "value": "Challenge",
    "index": 116,
    "match": "leverage",
    "cr": "this"
  }
]
MONSTERS:  [
  {
    "name": "Githyanki_Mindraider",
    "challenge_rating": "4"
  },
  {
    "name": "Berbelrith",
    "challenge_rating": "18"
  },
  {
    "name": "Githyanky_Lichblade",
    "challenge_rating": "They"
  },
  {
    "name": "Githyanki",
    "challenge_rating": "13"
  }
]
